<-= 1 =->
name = Basics
city = Dallas
name = Allied
city = Dallas
<-= 2 =->
name = folder
name = clip
<-= 3 =->
name = Allied
pid = p05
dollars = 1104.00
name = Basics
pid = p03
dollars = 880.00
name = Basics
pid = p03
dollars = 740.00
name = Tiptop
pid = p06
dollars = 720.00
name = Tiptop
pid = p07
dollars = 720.00
name = ACME
pid = p07
dollars = 600.00
name = Tiptop
pid = p03
dollars = 540.00
name = Tiptop
pid = p04
dollars = 540.00
name = ACME
pid = p01
dollars = 500.00
name = ACME
pid = p01
dollars = 460.00
name = Tiptop
pid = p05
dollars = 450.00
name = Tiptop
pid = p01
dollars = 450.00
name = ACME
pid = p01
dollars = 400.00
name = Tiptop
pid = p02
dollars = 180.00
<-= 4 =->
name = ACME
dollars = 1960.00
name = Allied
dollars = 1104.00
name = Basics
dollars = 1620.00
name = Tiptop
dollars = 3600.00
name = Weyland-Yutani
dollars = 0
<-= 5 =->
name = Basics
name = Brown
name = razor
name = Allied
name = Brown
name = pencil
name = Tiptop
name = Brown
name = pen
name = ACME
name = Brown
name = case
<-= 6 =->
ordno = 1026
mon = may
cid = c002
aid = a05
pid = p03
qty = 800
dollars = 740.00
truedollars = 704.0000000000000000000000
<-= 7 =->
aid = a01
name = Smith
city = New York
percent = 6.0
ordno = 1011
mon = jan
cid = c001
aid = a01
pid = p01
qty = 1000
dollars = 450.00
aid = a03
name = Brown
city = Tokyo
percent = 7.0
ordno = 1013
mon = jan
cid = c002
aid = a03
pid = p03
qty = 1000
dollars = 880.00
aid = a03
name = Brown
city = Tokyo
percent = 7.0
ordno = 1015
mon = jan
cid = c003
aid = a03
pid = p05
qty = 1200
dollars = 1104.00
aid = a01
name = Smith
city = New York
percent = 6.0
ordno = 1016
mon = jan
cid = c006
aid = a01
pid = p01
qty = 1000
dollars = 500.00
aid = a06
name = Smith
city = Dallas
percent = 5.0
ordno = 1017
mon = feb
cid = c001
aid = a06
pid = p03
qty = 600
dollars = 540.00
aid = a03
name = Brown
city = Tokyo
percent = 7.0
ordno = 1018
mon = feb
cid = c001
aid = a03
pid = p04
qty = 600
dollars = 540.00
aid = a02
name = Jones
city = Newark
percent = 6.0
ordno = 1019
mon = feb
cid = c001
aid = a02
pid = p02
qty = 400
dollars = 180.00
aid = a03
name = Brown
city = Tokyo
percent = 7.0
ordno = 1020
mon = feb
cid = c006
aid = a03
pid = p07
qty = 600
dollars = 600.00
aid = a06
name = Smith
city = Dallas
percent = 5.0
ordno = 1021
mon = feb
cid = c004
aid = a06
pid = p01
qty = 1000
dollars = 460.00
aid = a05
name = Otasi
city = Duluth
percent = 5.0
ordno = 1022
mon = mar
cid = c001
aid = a05
pid = p06
qty = 400
dollars = 720.00
aid = a04
name = Gray
city = New York
percent = 6.0
ordno = 1023
mon = mar
cid = c001
aid = a04
pid = p05
qty = 500
dollars = 450.00
aid = a06
name = Smith
city = Dallas
percent = 5.0
ordno = 1024
mon = mar
cid = c006
aid = a06
pid = p01
qty = 800
dollars = 400.00
aid = a05
name = Otasi
city = Duluth
percent = 5.0
ordno = 1025
mon = apr
cid = c001
aid = a05
pid = p07
qty = 800
dollars = 720.00
aid = a05
name = Otasi
city = Duluth
percent = 5.0
ordno = 1026
mon = may
cid = c002
aid = a05
pid = p03
qty = 800
dollars = 740.00
aid = a08
name = Bond
city = London
percent = 7.0
ordno = None
mon = None
cid = None
aid = None
pid = None
qty = None
dollars = None
<-= 8 =->
aid = a01
name = Smith
city = New York
percent = 6.0
ordno = 1011
mon = jan
cid = c001
aid = a01
pid = p01
qty = 1000
dollars = 450.00
aid = a03
name = Brown
city = Tokyo
percent = 7.0
ordno = 1013
mon = jan
cid = c002
aid = a03
pid = p03
qty = 1000
dollars = 880.00
aid = a03
name = Brown
city = Tokyo
percent = 7.0
ordno = 1015
mon = jan
cid = c003
aid = a03
pid = p05
qty = 1200
dollars = 1104.00
aid = a01
name = Smith
city = New York
percent = 6.0
ordno = 1016
mon = jan
cid = c006
aid = a01
pid = p01
qty = 1000
dollars = 500.00
aid = a06
name = Smith
city = Dallas
percent = 5.0
ordno = 1017
mon = feb
cid = c001
aid = a06
pid = p03
qty = 600
dollars = 540.00
aid = a03
name = Brown
city = Tokyo
percent = 7.0
ordno = 1018
mon = feb
cid = c001
aid = a03
pid = p04
qty = 600
dollars = 540.00
aid = a02
name = Jones
city = Newark
percent = 6.0
ordno = 1019
mon = feb
cid = c001
aid = a02
pid = p02
qty = 400
dollars = 180.00
aid = a03
name = Brown
city = Tokyo
percent = 7.0
ordno = 1020
mon = feb
cid = c006
aid = a03
pid = p07
qty = 600
dollars = 600.00
aid = a06
name = Smith
city = Dallas
percent = 5.0
ordno = 1021
mon = feb
cid = c004
aid = a06
pid = p01
qty = 1000
dollars = 460.00
aid = a05
name = Otasi
city = Duluth
percent = 5.0
ordno = 1022
mon = mar
cid = c001
aid = a05
pid = p06
qty = 400
dollars = 720.00
aid = a04
name = Gray
city = New York
percent = 6.0
ordno = 1023
mon = mar
cid = c001
aid = a04
pid = p05
qty = 500
dollars = 450.00
aid = a06
name = Smith
city = Dallas
percent = 5.0
ordno = 1024
mon = mar
cid = c006
aid = a06
pid = p01
qty = 800
dollars = 400.00
aid = a05
name = Otasi
city = Duluth
percent = 5.0
ordno = 1025
mon = apr
cid = c001
aid = a05
pid = p07
qty = 800
dollars = 720.00
aid = a05
name = Otasi
city = Duluth
percent = 5.0
ordno = 1026
mon = may
cid = c002
aid = a05
pid = p03
qty = 800
dollars = 740.00
<-= end =->
